INFO  2019-06-01 23:37:46,279 General [main] [com.galilsoftware.propertiesreader.TestPropsReader.<init>] Loading TestProps from \resources\TestProps.properties...
INFO  2019-06-01 23:37:46,286 General [main] [com.galilsoftware.propertiesreader.TestPropsReader.<init>] Loading props from \TestProps.properties...
INFO  2019-06-02 00:17:12,699 General [main] [com.galilsoftware.propertiesreader.TestPropsReader.<init>] Loading TestProps from \resources\TestProps.properties...
INFO  2019-06-02 00:17:12,706 General [main] [com.galilsoftware.propertiesreader.TestPropsReader.<init>] Loading props from \TestProps.properties...
INFO  2019-06-02 01:37:43,560 General [main] [com.galilsoftware.propertiesreader.TestPropsReader.<init>] Loading TestProps from \resources\TestProps.properties...
INFO  2019-06-02 01:37:43,566 General [main] [com.galilsoftware.propertiesreader.TestPropsReader.<init>] Loading props from \TestProps.properties...
INFO  2019-06-02 01:39:56,847 General [main] [com.galilsoftware.propertiesreader.TestPropsReader.<init>] Loading TestProps from \resources\TestProps.properties...
INFO  2019-06-02 01:39:56,853 General [main] [com.galilsoftware.propertiesreader.TestPropsReader.<init>] Loading props from \TestProps.properties...
INFO  2019-06-02 01:40:59,302 General [main] [com.galilsoftware.propertiesreader.TestPropsReader.<init>] Loading TestProps from \resources\TestProps.properties...
INFO  2019-06-02 01:40:59,308 General [main] [com.galilsoftware.propertiesreader.TestPropsReader.<init>] Loading props from \TestProps.properties...
INFO  2019-06-02 01:42:09,194 General [main] [com.galilsoftware.utils.ExtendedReporter.log] <p style='color:GREEN'>01:42:09 -  validate status code.
Actual: 200.
Expected: 200.
</p>
INFO  2019-06-02 01:42:09,205 General [main] [com.galilsoftware.utils.ExtendedReporter.log] <p style='color:GREEN'>01:42:09 -  validate reason phrase.
Actual: OK.
Expected: OK.
</p>
INFO  2019-06-02 01:42:09,217 General [main] [com.galilsoftware.utils.ExtendedReporter.log] <p style='color:GREEN'>01:42:09 - There is no expected body to check 
</p>
INFO  2019-06-02 01:42:09,241 General [main] [com.galilsoftware.utils.ExtendedReporter.log] <p style='color:RED'>01:42:09 - [FAILED] validate headers content type.
Actual: application/json; charset=utf-8.
Expected: application/json.
</p>
INFO  2019-06-02 01:42:27,448 General [main] [com.galilsoftware.propertiesreader.TestPropsReader.<init>] Loading TestProps from \resources\TestProps.properties...
INFO  2019-06-02 01:42:27,455 General [main] [com.galilsoftware.propertiesreader.TestPropsReader.<init>] Loading props from \TestProps.properties...
INFO  2019-06-02 01:47:47,770 General [main] [com.galilsoftware.propertiesreader.TestPropsReader.<init>] Loading TestProps from \resources\TestProps.properties...
INFO  2019-06-02 01:47:47,776 General [main] [com.galilsoftware.propertiesreader.TestPropsReader.<init>] Loading props from \TestProps.properties...
INFO  2019-06-02 01:48:35,764 General [main] [com.galilsoftware.utils.ExtendedReporter.log] <p style='color:GREEN'>01:48:35 -  validate status code.
Actual: 200.
Expected: 200.
</p>
INFO  2019-06-02 01:48:35,776 General [main] [com.galilsoftware.utils.ExtendedReporter.log] <p style='color:GREEN'>01:48:35 -  validate reason phrase.
Actual: OK.
Expected: OK.
</p>
INFO  2019-06-02 01:48:35,788 General [main] [com.galilsoftware.utils.ExtendedReporter.log] <p style='color:GREEN'>01:48:35 - There is no expected body to check 
</p>
INFO  2019-06-02 01:48:35,812 General [main] [com.galilsoftware.utils.ExtendedReporter.log] <p style='color:RED'>01:48:35 - [FAILED] validate headers content type.
Actual: application/json; charset=utf-8.
Expected: application/json.
</p>
INFO  2019-06-02 01:48:52,063 General [main] [com.galilsoftware.utils.ExtendedReporter.log] <p style='color:GREEN'>01:48:52 -  validate status code.
Actual: 200.
Expected: 200.
</p>
INFO  2019-06-02 01:48:52,064 General [main] [com.galilsoftware.utils.ExtendedReporter.log] <p style='color:GREEN'>01:48:52 -  validate reason phrase.
Actual: OK.
Expected: OK.
</p>
INFO  2019-06-02 01:48:52,065 General [main] [com.galilsoftware.utils.ExtendedReporter.log] <p style='color:GREEN'>01:48:52 - There is no expected body to check 
</p>
INFO  2019-06-02 01:48:52,066 General [main] [com.galilsoftware.utils.ExtendedReporter.log] <p style='color:RED'>01:48:52 - [FAILED] validate headers content type.
Actual: application/json; charset=utf-8.
Expected: application/json.
</p>
INFO  2019-06-02 01:50:23,138 General [main] [com.galilsoftware.propertiesreader.TestPropsReader.<init>] Loading TestProps from \resources\TestProps.properties...
INFO  2019-06-02 01:50:23,147 General [main] [com.galilsoftware.propertiesreader.TestPropsReader.<init>] Loading props from \TestProps.properties...
INFO  2019-06-02 01:51:54,477 General [main] [com.galilsoftware.propertiesreader.TestPropsReader.<init>] Loading TestProps from \resources\TestProps.properties...
INFO  2019-06-02 01:51:54,484 General [main] [com.galilsoftware.propertiesreader.TestPropsReader.<init>] Loading props from \TestProps.properties...
INFO  2019-06-02 01:52:57,480 General [main] [com.galilsoftware.propertiesreader.TestPropsReader.<init>] Loading TestProps from \resources\TestProps.properties...
INFO  2019-06-02 01:52:57,485 General [main] [com.galilsoftware.propertiesreader.TestPropsReader.<init>] Loading props from \TestProps.properties...
INFO  2019-06-02 01:54:16,578 General [main] [com.galilsoftware.propertiesreader.TestPropsReader.<init>] Loading TestProps from \resources\TestProps.properties...
INFO  2019-06-02 01:54:16,584 General [main] [com.galilsoftware.propertiesreader.TestPropsReader.<init>] Loading props from \TestProps.properties...
INFO  2019-06-02 01:54:52,335 General [main] [com.galilsoftware.propertiesreader.TestPropsReader.<init>] Loading TestProps from \resources\TestProps.properties...
INFO  2019-06-02 01:54:52,345 General [main] [com.galilsoftware.propertiesreader.TestPropsReader.<init>] Loading props from \TestProps.properties...
INFO  2019-06-02 02:09:38,011 General [main] [com.galilsoftware.propertiesreader.TestPropsReader.<init>] Loading TestProps from \resources\TestProps.properties...
INFO  2019-06-02 02:09:38,017 General [main] [com.galilsoftware.propertiesreader.TestPropsReader.<init>] Loading props from \TestProps.properties...
INFO  2019-06-02 02:10:30,131 General [main] [com.galilsoftware.propertiesreader.TestPropsReader.<init>] Loading TestProps from \resources\TestProps.properties...
INFO  2019-06-02 02:10:30,137 General [main] [com.galilsoftware.propertiesreader.TestPropsReader.<init>] Loading props from \TestProps.properties...
INFO  2019-06-02 02:11:43,806 General [main] [com.galilsoftware.propertiesreader.TestPropsReader.<init>] Loading TestProps from \resources\TestProps.properties...
INFO  2019-06-02 02:11:43,812 General [main] [com.galilsoftware.propertiesreader.TestPropsReader.<init>] Loading props from \TestProps.properties...
INFO  2019-06-02 10:46:13,690 General [main] [com.galilsoftware.propertiesreader.TestPropsReader.<init>] Loading TestProps from \resources\TestProps.properties...
INFO  2019-06-02 10:46:13,696 General [main] [com.galilsoftware.propertiesreader.TestPropsReader.<init>] Loading props from \TestProps.properties...
INFO  2019-06-02 10:46:44,050 General [main] [com.galilsoftware.propertiesreader.TestPropsReader.<init>] Loading TestProps from \resources\TestProps.properties...
INFO  2019-06-02 10:46:44,067 General [main] [com.galilsoftware.propertiesreader.TestPropsReader.<init>] Loading props from \TestProps.properties...
INFO  2019-06-02 10:47:19,797 General [main] [com.galilsoftware.propertiesreader.TestPropsReader.<init>] Loading TestProps from \resources\TestProps.properties...
INFO  2019-06-02 10:47:19,807 General [main] [com.galilsoftware.propertiesreader.TestPropsReader.<init>] Loading props from \TestProps.properties...
INFO  2019-06-02 10:47:50,147 General [main] [com.galilsoftware.propertiesreader.TestPropsReader.<init>] Loading TestProps from \resources\TestProps.properties...
INFO  2019-06-02 10:47:50,155 General [main] [com.galilsoftware.propertiesreader.TestPropsReader.<init>] Loading props from \TestProps.properties...
INFO  2019-06-02 10:48:17,462 General [main] [com.galilsoftware.propertiesreader.TestPropsReader.<init>] Loading TestProps from \resources\TestProps.properties...
INFO  2019-06-02 10:48:17,469 General [main] [com.galilsoftware.propertiesreader.TestPropsReader.<init>] Loading props from \TestProps.properties...
INFO  2019-06-02 10:48:39,442 General [main] [com.galilsoftware.propertiesreader.TestPropsReader.<init>] Loading TestProps from \resources\TestProps.properties...
INFO  2019-06-02 10:48:39,465 General [main] [com.galilsoftware.propertiesreader.TestPropsReader.<init>] Loading props from \TestProps.properties...
INFO  2019-06-02 10:51:27,376 General [main] [com.galilsoftware.propertiesreader.TestPropsReader.<init>] Loading TestProps from \resources\TestProps.properties...
INFO  2019-06-02 10:51:27,384 General [main] [com.galilsoftware.propertiesreader.TestPropsReader.<init>] Loading props from \TestProps.properties...
INFO  2019-06-02 10:53:25,686 General [main] [com.galilsoftware.propertiesreader.TestPropsReader.<init>] Loading TestProps from \resources\TestProps.properties...
INFO  2019-06-02 10:53:25,691 General [main] [com.galilsoftware.propertiesreader.TestPropsReader.<init>] Loading props from \TestProps.properties...
INFO  2019-06-02 10:58:19,253 General [main] [com.galilsoftware.propertiesreader.TestPropsReader.<init>] Loading TestProps from \resources\TestProps.properties...
INFO  2019-06-02 10:58:19,260 General [main] [com.galilsoftware.propertiesreader.TestPropsReader.<init>] Loading props from \TestProps.properties...
INFO  2019-06-02 11:11:31,671 General [main] [com.galilsoftware.propertiesreader.TestPropsReader.<init>] Loading TestProps from \resources\TestProps.properties...
INFO  2019-06-02 11:11:31,678 General [main] [com.galilsoftware.propertiesreader.TestPropsReader.<init>] Loading props from \TestProps.properties...
INFO  2019-06-02 11:13:13,597 General [main] [com.galilsoftware.propertiesreader.TestPropsReader.<init>] Loading TestProps from \resources\TestProps.properties...
INFO  2019-06-02 11:13:13,603 General [main] [com.galilsoftware.propertiesreader.TestPropsReader.<init>] Loading props from \TestProps.properties...
INFO  2019-06-02 11:14:14,608 General [main] [com.galilsoftware.propertiesreader.TestPropsReader.<init>] Loading TestProps from \resources\TestProps.properties...
INFO  2019-06-02 11:14:14,614 General [main] [com.galilsoftware.propertiesreader.TestPropsReader.<init>] Loading props from \TestProps.properties...
INFO  2019-06-02 11:18:01,029 General [main] [com.galilsoftware.propertiesreader.TestPropsReader.<init>] Loading TestProps from \resources\TestProps.properties...
INFO  2019-06-02 11:18:01,036 General [main] [com.galilsoftware.propertiesreader.TestPropsReader.<init>] Loading props from \TestProps.properties...
INFO  2019-06-02 11:19:15,760 General [main] [com.galilsoftware.propertiesreader.TestPropsReader.<init>] Loading TestProps from \resources\TestProps.properties...
INFO  2019-06-02 11:19:15,767 General [main] [com.galilsoftware.propertiesreader.TestPropsReader.<init>] Loading props from \TestProps.properties...
INFO  2019-06-02 11:23:11,003 General [main] [com.galilsoftware.propertiesreader.TestPropsReader.<init>] Loading TestProps from \resources\TestProps.properties...
INFO  2019-06-02 11:23:11,009 General [main] [com.galilsoftware.propertiesreader.TestPropsReader.<init>] Loading props from \TestProps.properties...
INFO  2019-06-03 12:09:14,141 General [main] [kaltura.kaltura.restapi.test.utils.TestPropsReader.<init>] Loading TestProps from \resources\TestProps.properties...
INFO  2019-06-03 12:09:14,143 General [main] [kaltura.kaltura.restapi.test.utils.TestPropsReader.<init>] Loading props from \TestProps.properties...
INFO  2019-06-03 15:09:34,115 General [main] [kaltura.kaltura.restapi.test.utils.TestPropsReader.<init>] Loading TestProps from \resources\TestProps.properties...
INFO  2019-06-03 15:09:34,118 General [main] [kaltura.kaltura.restapi.test.utils.TestPropsReader.<init>] Loading props from \TestProps.properties...
INFO  2019-06-03 15:11:13,354 General [main] [kaltura.kaltura.restapi.test.utils.TestPropsReader.<init>] Loading TestProps from \resources\TestProps.properties...
INFO  2019-06-03 15:11:13,356 General [main] [kaltura.kaltura.restapi.test.utils.TestPropsReader.<init>] Loading props from \TestProps.properties...
INFO  2019-06-03 15:14:24,950 General [main] [kaltura.kaltura.restapi.test.utils.TestPropsReader.<init>] Loading TestProps from \resources\TestProps.properties...
INFO  2019-06-03 15:14:24,953 General [main] [kaltura.kaltura.restapi.test.utils.TestPropsReader.<init>] Loading props from \TestProps.properties...
INFO  2019-06-03 15:54:46,628 General [main] [kaltura.kaltura.restapi.test.utils.TestPropsReader.<init>] Loading TestProps from \resources\TestProps.properties...
INFO  2019-06-03 15:54:46,631 General [main] [kaltura.kaltura.restapi.test.utils.TestPropsReader.<init>] Loading props from \TestProps.properties...
INFO  2019-06-03 15:56:03,479 General [main] [kaltura.kaltura.restapi.test.utils.TestPropsReader.<init>] Loading TestProps from \resources\TestProps.properties...
INFO  2019-06-03 15:56:03,481 General [main] [kaltura.kaltura.restapi.test.utils.TestPropsReader.<init>] Loading props from \TestProps.properties...
